e:\game_shone\source\game_shone\demoapp1\debug\vc141.pdb
e:\game_shone\source\game_shone\demoapp1\debug\vc141.idb
e:\game_shone\source\game_shone\demoapp1\debug\gametimer.obj
e:\game_shone\source\game_shone\demoapp1\debug\main.obj
e:\game_shone\source\game_shone\demoapp1\debug\d3dapp.obj
c:\users\nenad.n.jankovic\documents\github\game_shone\source\game_shone\demoapp1\debug\vc141.pdb
c:\users\nenad.n.jankovic\documents\github\game_shone\source\game_shone\demoapp1\debug\vc141.idb
c:\users\nenad.n.jankovic\documents\github\game_shone\source\game_shone\demoapp1\debug\gametimer.obj
c:\users\nenad.n.jankovic\documents\github\game_shone\source\game_shone\demoapp1\debug\utils.obj
c:\users\nenad.n.jankovic\documents\github\game_shone\source\game_shone\demoapp1\debug\main.obj
c:\users\nenad.n.jankovic\documents\github\game_shone\source\game_shone\demoapp1\debug\initd3d.obj
c:\users\nenad.n.jankovic\documents\github\game_shone\source\game_shone\demoapp1\debug\d3dapp.obj
c:\users\nenad.n.jankovic\documents\github\game_shone\source\game_shone\demoapp1\debug\boxapp.obj
e:\game_shone\source\game_shone\debug\demoapp1.ilk
e:\game_shone\source\game_shone\debug\demoapp1.exe
e:\game_shone\source\game_shone\debug\demoapp1.pdb
c:\users\nenad.n.jankovic\documents\github\game_shone\source\game_shone\debug\demoapp1.pdb
c:\users\nenad.n.jankovic\documents\github\game_shone\source\game_shone\demoapp1\debug\demoapp1.tlog\cl.command.1.tlog
c:\users\nenad.n.jankovic\documents\github\game_shone\source\game_shone\demoapp1\debug\demoapp1.tlog\cl.read.1.tlog
c:\users\nenad.n.jankovic\documents\github\game_shone\source\game_shone\demoapp1\debug\demoapp1.tlog\cl.write.1.tlog
c:\users\nenad.n.jankovic\documents\github\game_shone\source\game_shone\demoapp1\debug\demoapp1.tlog\link-cvtres.read.1.tlog
c:\users\nenad.n.jankovic\documents\github\game_shone\source\game_shone\demoapp1\debug\demoapp1.tlog\link-cvtres.write.1.tlog
c:\users\nenad.n.jankovic\documents\github\game_shone\source\game_shone\demoapp1\debug\demoapp1.tlog\link-rc.read.1.tlog
c:\users\nenad.n.jankovic\documents\github\game_shone\source\game_shone\demoapp1\debug\demoapp1.tlog\link-rc.write.1.tlog
c:\users\nenad.n.jankovic\documents\github\game_shone\source\game_shone\demoapp1\debug\demoapp1.tlog\link.command.1.tlog
c:\users\nenad.n.jankovic\documents\github\game_shone\source\game_shone\demoapp1\debug\demoapp1.tlog\link.read.1.tlog
c:\users\nenad.n.jankovic\documents\github\game_shone\source\game_shone\demoapp1\debug\demoapp1.tlog\link.write.1.tlog
