  Scene.cpp
c:\users\nenad.n.jankovic\documents\github\game_shone\source\game_shone\gamemain\scene.cpp(31): warning C4305: 'initializing': truncation from 'double' to 'float'
c:\users\nenad.n.jankovic\documents\github\game_shone\source\game_shone\gamemain\scene.cpp(55): warning C4305: 'initializing': truncation from 'double' to 'float'
c:\users\nenad.n.jankovic\documents\github\game_shone\source\game_shone\gamemain\scene.cpp(115): warning C4305: 'initializing': truncation from 'double' to 'float'
c:\program files (x86)\microsoft visual studio\2017\professional\vc\tools\msvc\14.16.27023\include\memory(1801): warning C4244: 'argument': conversion from '_Ty' to 'float', possible loss of data
          with
          [
              _Ty=int
          ]
  c:\program files (x86)\microsoft visual studio\2017\professional\vc\tools\msvc\14.16.27023\include\memory(1866): note: see reference to function template instantiation 'std::_Ref_count_obj<_Ty>::_Ref_count_obj<std::shared_ptr<Renderer3D::IRenderer>&,int,double,double,int,int,int,Renderer3D::Texture&,Renderer3D::Material&>(std::shared_ptr<Renderer3D::IRenderer> &,int &&,double &&,double &&,int &&,int &&,int &&,Renderer3D::Texture &,Renderer3D::Material &)' being compiled
          with
          [
              _Ty=TexturedBox
          ]
  c:\program files (x86)\microsoft visual studio\2017\professional\vc\tools\msvc\14.16.27023\include\memory(1866): note: see reference to function template instantiation 'std::_Ref_count_obj<_Ty>::_Ref_count_obj<std::shared_ptr<Renderer3D::IRenderer>&,int,double,double,int,int,int,Renderer3D::Texture&,Renderer3D::Material&>(std::shared_ptr<Renderer3D::IRenderer> &,int &&,double &&,double &&,int &&,int &&,int &&,Renderer3D::Texture &,Renderer3D::Material &)' being compiled
          with
          [
              _Ty=TexturedBox
          ]
  c:\users\nenad.n.jankovic\documents\github\game_shone\source\game_shone\gamemain\scene.cpp(29): note: see reference to function template instantiation 'std::shared_ptr<TexturedBox> std::make_shared<TexturedBox,std::shared_ptr<Renderer3D::IRenderer>&,int,double,double,int,int,int,Renderer3D::Texture&,Renderer3D::Material&>(std::shared_ptr<Renderer3D::IRenderer> &,int &&,double &&,double &&,int &&,int &&,int &&,Renderer3D::Texture &,Renderer3D::Material &)' being compiled
c:\program files (x86)\microsoft visual studio\2017\professional\vc\tools\msvc\14.16.27023\include\memory(1801): warning C4244: 'argument': conversion from '_Ty' to 'float', possible loss of data
          with
          [
              _Ty=double
          ]
  gameMain.vcxproj -> C:\Users\nenad.n.jankovic\Documents\GitHub\game_sHoNe\Source\game_sHoNe\gameMain\..\..\..\Test\x64Debug\gameMainx64Debug.exe
  C:\Users\nenad.n.jankovic\Documents\GitHub\game_sHoNe\Source\game_sHoNe\gameMain\Shaders\Lighting.hlsl
  C:\Users\nenad.n.jankovic\Documents\GitHub\game_sHoNe\Source\game_sHoNe\gameMain\Shaders\Shader.hlsl
  C:\Users\nenad.n.jankovic\Documents\GitHub\game_sHoNe\Source\game_sHoNe\gameMain\Shaders\TexturedShader.hlsl
  3 File(s) copied
