c:\users\nenad.n.jankovic\documents\github\game_shone\temp\gamemainx64debug\vc141.pdb
c:\users\nenad.n.jankovic\documents\github\game_shone\temp\gamemainx64debug\vc141.idb
c:\users\nenad.n.jankovic\documents\github\game_shone\temp\gamemainx64debug\utility.obj
c:\users\nenad.n.jankovic\documents\github\game_shone\temp\gamemainx64debug\scene.obj
c:\users\nenad.n.jankovic\documents\github\game_shone\temp\gamemainx64debug\planedrawitem.obj
c:\users\nenad.n.jankovic\documents\github\game_shone\temp\gamemainx64debug\main.obj
c:\users\nenad.n.jankovic\documents\github\game_shone\temp\gamemainx64debug\gametimer.obj
c:\users\nenad.n.jankovic\documents\github\game_shone\temp\gamemainx64debug\drawitem.obj
c:\users\nenad.n.jankovic\documents\github\game_shone\temp\gamemainx64debug\d3d12renderer.obj
c:\users\nenad.n.jankovic\documents\github\game_shone\temp\gamemainx64debug\boxdrawitem.obj
c:\users\nenad.n.jankovic\documents\github\game_shone\temp\gamemainx64debug\usercontrollerlistener.obj
c:\users\nenad.n.jankovic\documents\github\game_shone\test\x64debug\gamemainx64debug.exe
c:\users\nenad.n.jankovic\documents\github\game_shone\test\x64debug\gamemainx64debug.ilk
c:\users\nenad.n.jankovic\documents\github\game_shone\test\x64debug\gamemainx64debug.pdb
c:\users\nenad.n.jankovic\documents\github\game_shone\source\game_shone\gamemain\..\..\..\test\x64debug\gamemainx64debug.exe
c:\users\nenad.n.jankovic\documents\github\game_shone\temp\gamemainx64debug\gamemain.tlog\cl.command.1.tlog
c:\users\nenad.n.jankovic\documents\github\game_shone\temp\gamemainx64debug\gamemain.tlog\cl.read.1.tlog
c:\users\nenad.n.jankovic\documents\github\game_shone\temp\gamemainx64debug\gamemain.tlog\cl.write.1.tlog
c:\users\nenad.n.jankovic\documents\github\game_shone\temp\gamemainx64debug\gamemain.tlog\link.command.1.tlog
c:\users\nenad.n.jankovic\documents\github\game_shone\temp\gamemainx64debug\gamemain.tlog\link.read.1.tlog
c:\users\nenad.n.jankovic\documents\github\game_shone\temp\gamemainx64debug\gamemain.tlog\link.write.1.tlog
c:\users\nenad.n.jankovic\documents\github\game_shone\temp\gamemainx64debug\gamemain.tlog\..\..\..\test\x64debug\gamemainx64debug.pdb
c:\users\nenad.n.jankovic\documents\github\game_shone\temp\gamemainx64debug\gamemain.tlog\..\..\..\test\x64debug\gamemainx64debug.ilk
